0 info it worked if it ends with ok
1 verbose cli [ 'C:\\Program Files\\nodejs\\node.exe',
1 verbose cli   'C:\\Program Files\\nodejs\\node_modules\\npm\\bin\\npm-cli.js',
1 verbose cli   'cache',
1 verbose cli   'clear' ]
2 info using npm@5.3.0
3 info using node@v8.2.1
4 verbose npm-session cfd5e9ab60fd1549
5 verbose stack Error: As of npm@5, the npm cache self-heals from corruption issues and data extracted from the cache is guaranteed to be valid. If you want to make sure everything is consistent, use 'npm cache verify' instead.
5 verbose stack
5 verbose stack If you're sure you want to delete the entire cache, rerun this command with --force.
5 verbose stack     at clean (C:\Program Files\nodejs\node_modules\npm\lib\cache.js:70:22)
5 verbose stack     at EventEmitter.cache (C:\Program Files\nodejs\node_modules\npm\lib\cache.js:45:16)
5 verbose stack     at Object.commandCache.(anonymous function) (C:\Program Files\nodejs\node_modules\npm\lib\npm.js:150:13)
5 verbose stack     at EventEmitter.<anonymous> (C:\Program Files\nodejs\node_modules\npm\bin\npm-cli.js:84:30)
5 verbose stack     at _combinedTickCallback (internal/process/next_tick.js:131:7)
5 verbose stack     at process._tickCallback (internal/process/next_tick.js:180:9)
6 verbose cwd C:\Users\Dave\Google Drive\3 Coding\playground
7 verbose Windows_NT 10.0.16299
8 verbose argv "C:\\Program Files\\nodejs\\node.exe" "C:\\Program Files\\nodejs\\node_modules\\npm\\bin\\npm-cli.js" "cache" "clear"
9 verbose node v8.2.1
10 verbose npm  v5.3.0
11 error As of npm@5, the npm cache self-heals from corruption issues and data extracted from the cache is guaranteed to be valid. If you want to make sure everything is consistent, use 'npm cache verify' instead.
11 error
11 error If you're sure you want to delete the entire cache, rerun this command with --force.
12 verbose exit [ 1, true ]
