0 info it worked if it ends with ok
1 verbose cli [ 'C:\\Program Files\\nodejs\\node.exe',
1 verbose cli   'C:\\Program Files\\nodejs\\node_modules\\npm\\bin\\npm-cli.js',
1 verbose cli   'install',
1 verbose cli   'express',
1 verbose cli   '--save' ]
2 info using npm@5.3.0
3 info using node@v8.2.1
4 verbose npm-session baafd3a24ad08b1c
5 silly install loadCurrentTree
6 silly install readLocalPackageData
7 http fetch GET 200 https://registry.npmjs.org/express 311ms
8 silly pacote tag manifest for express@latest fetched in 391ms
9 silly install loadIdealTree
10 silly install cloneCurrentTreeToIdealTree
11 silly install loadShrinkwrap
12 silly install loadAllDepsIntoIdealTree
13 silly resolveWithNewModule express@4.16.2 checking installable status
14 http fetch GET 200 https://registry.npmjs.org/accepts 103ms
15 silly pacote range manifest for accepts@~1.3.4 fetched in 120ms
16 silly resolveWithNewModule accepts@1.3.4 checking installable status
17 http fetch GET 200 https://registry.npmjs.org/escape-html 59ms
18 silly pacote range manifest for escape-html@~1.0.3 fetched in 119ms
19 silly resolveWithNewModule escape-html@1.0.3 checking installable status
20 http fetch GET 200 https://registry.npmjs.org/content-type 249ms
21 http fetch GET 200 https://registry.npmjs.org/debug 248ms
22 http fetch GET 200 https://registry.npmjs.org/encodeurl 252ms
23 http fetch GET 200 https://registry.npmjs.org/cookie-signature 262ms
24 http fetch GET 200 https://registry.npmjs.org/content-disposition 285ms
25 http fetch GET 200 https://registry.npmjs.org/depd 288ms
26 http fetch GET 200 https://registry.npmjs.org/array-flatten 307ms
27 http fetch GET 200 https://registry.npmjs.org/cookie 308ms
28 http fetch GET 200 https://registry.npmjs.org/body-parser 329ms
29 silly pacote range manifest for content-type@~1.0.4 fetched in 329ms
30 silly resolveWithNewModule content-type@1.0.4 checking installable status
31 silly pacote version manifest for debug@2.6.9 fetched in 339ms
32 silly resolveWithNewModule debug@2.6.9 checking installable status
33 silly pacote range manifest for encodeurl@~1.0.1 fetched in 361ms
34 silly resolveWithNewModule encodeurl@1.0.1 checking installable status
35 silly pacote version manifest for cookie-signature@1.0.6 fetched in 376ms
36 silly resolveWithNewModule cookie-signature@1.0.6 checking installable status
37 silly pacote version manifest for content-disposition@0.5.2 fetched in 392ms
38 silly resolveWithNewModule content-disposition@0.5.2 checking installable status
39 silly pacote range manifest for depd@~1.1.1 fetched in 391ms
40 silly resolveWithNewModule depd@1.1.1 checking installable status
41 silly pacote version manifest for array-flatten@1.1.1 fetched in 409ms
42 silly resolveWithNewModule array-flatten@1.1.1 checking installable status
43 silly pacote version manifest for cookie@0.3.1 fetched in 415ms
44 silly resolveWithNewModule cookie@0.3.1 checking installable status
45 http fetch GET 200 https://registry.npmjs.org/etag 187ms
46 silly pacote version manifest for body-parser@1.18.2 fetched in 434ms
47 silly resolveWithNewModule body-parser@1.18.2 checking installable status
48 http fetch GET 200 https://registry.npmjs.org/finalhandler 125ms
49 http fetch GET 200 https://registry.npmjs.org/fresh 110ms
50 silly pacote range manifest for etag@~1.8.1 fetched in 243ms
51 silly resolveWithNewModule etag@1.8.1 checking installable status
52 http fetch GET 200 https://registry.npmjs.org/merge-descriptors 132ms
53 http fetch GET 200 https://registry.npmjs.org/methods 127ms
54 http fetch GET 200 https://registry.npmjs.org/on-finished 136ms
55 silly pacote version manifest for finalhandler@1.1.0 fetched in 208ms
56 silly resolveWithNewModule finalhandler@1.1.0 checking installable status
57 silly pacote version manifest for fresh@0.5.2 fetched in 193ms
58 silly resolveWithNewModule fresh@0.5.2 checking installable status
59 http fetch GET 200 https://registry.npmjs.org/parseurl 148ms
60 http fetch GET 200 https://registry.npmjs.org/path-to-regexp 171ms
61 http fetch GET 200 https://registry.npmjs.org/proxy-addr 163ms
62 silly pacote range manifest for methods@~1.1.2 fetched in 199ms
63 silly resolveWithNewModule methods@1.1.2 checking installable status
64 silly pacote version manifest for merge-descriptors@1.0.1 fetched in 216ms
65 silly resolveWithNewModule merge-descriptors@1.0.1 checking installable status
66 silly pacote range manifest for on-finished@~2.3.0 fetched in 212ms
67 silly resolveWithNewModule on-finished@2.3.0 checking installable status
68 http fetch GET 200 https://registry.npmjs.org/qs 177ms
69 http fetch GET 200 https://registry.npmjs.org/range-parser 158ms
70 silly pacote range manifest for parseurl@~1.3.2 fetched in 278ms
71 silly resolveWithNewModule parseurl@1.3.2 checking installable status
72 silly pacote version manifest for path-to-regexp@0.1.7 fetched in 285ms
73 silly resolveWithNewModule path-to-regexp@0.1.7 checking installable status
74 silly pacote range manifest for proxy-addr@~2.0.2 fetched in 281ms
75 silly resolveWithNewModule proxy-addr@2.0.2 checking installable status
76 silly pacote version manifest for qs@6.5.1 fetched in 288ms
77 silly resolveWithNewModule qs@6.5.1 checking installable status
78 http fetch GET 200 https://registry.npmjs.org/send 168ms
79 silly pacote range manifest for range-parser@~1.2.0 fetched in 245ms
80 silly resolveWithNewModule range-parser@1.2.0 checking installable status
81 http fetch GET 200 https://registry.npmjs.org/setprototypeof 137ms
82 http fetch GET 200 https://registry.npmjs.org/statuses 130ms
83 http fetch GET 200 https://registry.npmjs.org/serve-static 161ms
84 http fetch GET 304 https://registry.npmjs.org/safe-buffer 209ms (from cache)
85 silly pacote version manifest for send@0.16.1 fetched in 209ms
86 silly resolveWithNewModule send@0.16.1 checking installable status
87 silly pacote version manifest for setprototypeof@1.1.0 fetched in 188ms
88 silly resolveWithNewModule setprototypeof@1.1.0 checking installable status
89 silly pacote range manifest for statuses@~1.3.1 fetched in 185ms
90 silly resolveWithNewModule statuses@1.3.1 checking installable status
91 silly pacote version manifest for serve-static@1.13.1 fetched in 210ms
92 silly resolveWithNewModule serve-static@1.13.1 checking installable status
93 http fetch GET 200 https://registry.npmjs.org/utils-merge 109ms
94 http fetch GET 200 https://registry.npmjs.org/type-is 114ms
95 http fetch GET 200 https://registry.npmjs.org/vary 104ms
96 silly pacote version manifest for safe-buffer@5.1.1 fetched in 268ms
97 silly resolveWithNewModule safe-buffer@5.1.1 checking installable status
98 silly pacote version manifest for utils-merge@1.0.1 fetched in 127ms
99 silly resolveWithNewModule utils-merge@1.0.1 checking installable status
100 silly pacote range manifest for type-is@~1.6.15 fetched in 133ms
101 silly resolveWithNewModule type-is@1.6.15 checking installable status
102 silly pacote range manifest for vary@~1.1.2 fetched in 123ms
103 silly resolveWithNewModule vary@1.1.2 checking installable status
104 http fetch GET 200 https://registry.npmjs.org/mime-types 58ms
105 silly pacote range manifest for mime-types@~2.1.16 fetched in 70ms
106 silly resolveWithNewModule mime-types@2.1.17 checking installable status
107 http fetch GET 200 https://registry.npmjs.org/negotiator 70ms
108 silly pacote version manifest for negotiator@0.6.1 fetched in 86ms
109 silly resolveWithNewModule negotiator@0.6.1 checking installable status
110 http fetch GET 200 https://registry.npmjs.org/mime-db 43ms
111 silly pacote range manifest for mime-db@~1.30.0 fetched in 53ms
112 silly resolveWithNewModule mime-db@1.30.0 checking installable status
113 http fetch GET 200 https://registry.npmjs.org/bytes 61ms
114 http fetch GET 200 https://registry.npmjs.org/raw-body 59ms
115 http fetch GET 200 https://registry.npmjs.org/iconv-lite 64ms
116 http fetch GET 200 https://registry.npmjs.org/http-errors 68ms
117 silly pacote version manifest for bytes@3.0.0 fetched in 77ms
118 silly resolveWithNewModule bytes@3.0.0 checking installable status
119 silly pacote version manifest for iconv-lite@0.4.19 fetched in 80ms
120 silly resolveWithNewModule iconv-lite@0.4.19 checking installable status
121 silly pacote range manifest for http-errors@~1.6.2 fetched in 80ms
122 silly resolveWithNewModule http-errors@1.6.2 checking installable status
123 silly pacote version manifest for raw-body@2.3.2 fetched in 84ms
124 silly resolveWithNewModule raw-body@2.3.2 checking installable status
125 http fetch GET 200 https://registry.npmjs.org/ms 51ms
126 silly pacote version manifest for ms@2.0.0 fetched in 58ms
127 silly resolveWithNewModule ms@2.0.0 checking installable status
128 silly pacote version manifest for setprototypeof@1.0.3 fetched in 13ms
129 silly resolveWithNewModule setprototypeof@1.0.3 checking installable status
130 http fetch GET 304 https://registry.npmjs.org/inherits 56ms (from cache)
131 silly pacote version manifest for inherits@2.0.3 fetched in 64ms
132 silly resolveWithNewModule inherits@2.0.3 checking installable status
133 http fetch GET 200 https://registry.npmjs.org/ee-first 47ms
134 silly pacote version manifest for ee-first@1.1.1 fetched in 55ms
135 silly resolveWithNewModule ee-first@1.1.1 checking installable status
136 http fetch GET 200 https://registry.npmjs.org/unpipe 44ms
137 silly pacote version manifest for unpipe@1.0.0 fetched in 51ms
138 silly resolveWithNewModule unpipe@1.0.0 checking installable status
139 http fetch GET 200 https://registry.npmjs.org/media-typer 52ms
140 silly pacote version manifest for media-typer@0.3.0 fetched in 63ms
141 silly resolveWithNewModule media-typer@0.3.0 checking installable status
142 http fetch GET 200 https://registry.npmjs.org/ipaddr.js 70ms
143 http fetch GET 200 https://registry.npmjs.org/forwarded 78ms
144 silly pacote range manifest for forwarded@~0.1.2 fetched in 86ms
145 silly resolveWithNewModule forwarded@0.1.2 checking installable status
146 silly pacote version manifest for ipaddr.js@1.5.2 fetched in 86ms
147 silly resolveWithNewModule ipaddr.js@1.5.2 checking installable status
148 http fetch GET 200 https://registry.npmjs.org/destroy 47ms
149 http fetch GET 200 https://registry.npmjs.org/mime 55ms
150 silly pacote range manifest for destroy@~1.0.4 fetched in 56ms
151 silly resolveWithNewModule destroy@1.0.4 checking installable status
152 silly pacote version manifest for mime@1.4.1 fetched in 64ms
153 silly resolveWithNewModule mime@1.4.1 checking installable status
154 silly currentTree playground
154 silly currentTree +-- align-text@0.1.4
154 silly currentTree +-- amdefine@1.0.1
154 silly currentTree +-- async@1.5.2
154 silly currentTree +-- camelcase@1.2.1
154 silly currentTree +-- center-align@0.1.3
154 silly currentTree +-- cliui@2.1.0
154 silly currentTree | `-- wordwrap@0.0.2
154 silly currentTree +-- decamelize@1.2.0
154 silly currentTree +-- handlebars@4.0.11
154 silly currentTree +-- is-buffer@1.1.6
154 silly currentTree +-- kind-of@3.2.2
154 silly currentTree +-- lazy-cache@1.0.4
154 silly currentTree +-- longest@1.0.1
154 silly currentTree +-- minimist@0.0.10
154 silly currentTree +-- optimist@0.6.1
154 silly currentTree +-- repeat-string@1.6.1
154 silly currentTree +-- right-align@0.1.3
154 silly currentTree +-- source-map@0.4.4
154 silly currentTree +-- uglify-js@2.8.29
154 silly currentTree | `-- source-map@0.5.7
154 silly currentTree +-- uglify-to-browserify@1.0.2
154 silly currentTree +-- window-size@0.1.0
154 silly currentTree +-- wordwrap@0.0.3
154 silly currentTree +-- xmlhttprequest@1.8.0
154 silly currentTree `-- yargs@3.10.0
155 silly idealTree playground
155 silly idealTree +-- accepts@1.3.4
155 silly idealTree +-- align-text@0.1.4
155 silly idealTree +-- amdefine@1.0.1
155 silly idealTree +-- array-flatten@1.1.1
155 silly idealTree +-- async@1.5.2
155 silly idealTree +-- body-parser@1.18.2
155 silly idealTree +-- bytes@3.0.0
155 silly idealTree +-- camelcase@1.2.1
155 silly idealTree +-- center-align@0.1.3
155 silly idealTree +-- cliui@2.1.0
155 silly idealTree | `-- wordwrap@0.0.2
155 silly idealTree +-- content-disposition@0.5.2
155 silly idealTree +-- content-type@1.0.4
155 silly idealTree +-- cookie-signature@1.0.6
155 silly idealTree +-- cookie@0.3.1
155 silly idealTree +-- debug@2.6.9
155 silly idealTree +-- decamelize@1.2.0
155 silly idealTree +-- depd@1.1.1
155 silly idealTree +-- destroy@1.0.4
155 silly idealTree +-- ee-first@1.1.1
155 silly idealTree +-- encodeurl@1.0.1
155 silly idealTree +-- escape-html@1.0.3
155 silly idealTree +-- etag@1.8.1
155 silly idealTree +-- express@4.16.2
155 silly idealTree +-- finalhandler@1.1.0
155 silly idealTree +-- forwarded@0.1.2
155 silly idealTree +-- fresh@0.5.2
155 silly idealTree +-- handlebars@4.0.11
155 silly idealTree +-- http-errors@1.6.2
155 silly idealTree | `-- setprototypeof@1.0.3
155 silly idealTree +-- iconv-lite@0.4.19
155 silly idealTree +-- inherits@2.0.3
155 silly idealTree +-- ipaddr.js@1.5.2
155 silly idealTree +-- is-buffer@1.1.6
155 silly idealTree +-- kind-of@3.2.2
155 silly idealTree +-- lazy-cache@1.0.4
155 silly idealTree +-- longest@1.0.1
155 silly idealTree +-- media-typer@0.3.0
155 silly idealTree +-- merge-descriptors@1.0.1
155 silly idealTree +-- methods@1.1.2
155 silly idealTree +-- mime-db@1.30.0
155 silly idealTree +-- mime-types@2.1.17
155 silly idealTree +-- mime@1.4.1
155 silly idealTree +-- minimist@0.0.10
155 silly idealTree +-- ms@2.0.0
155 silly idealTree +-- negotiator@0.6.1
155 silly idealTree +-- on-finished@2.3.0
155 silly idealTree +-- optimist@0.6.1
155 silly idealTree +-- parseurl@1.3.2
155 silly idealTree +-- path-to-regexp@0.1.7
155 silly idealTree +-- proxy-addr@2.0.2
155 silly idealTree +-- qs@6.5.1
155 silly idealTree +-- range-parser@1.2.0
155 silly idealTree +-- raw-body@2.3.2
155 silly idealTree +-- repeat-string@1.6.1
155 silly idealTree +-- right-align@0.1.3
155 silly idealTree +-- safe-buffer@5.1.1
155 silly idealTree +-- send@0.16.1
155 silly idealTree +-- serve-static@1.13.1
155 silly idealTree +-- setprototypeof@1.1.0
155 silly idealTree +-- source-map@0.4.4
155 silly idealTree +-- statuses@1.3.1
155 silly idealTree +-- type-is@1.6.15
155 silly idealTree +-- uglify-js@2.8.29
155 silly idealTree | `-- source-map@0.5.7
155 silly idealTree +-- uglify-to-browserify@1.0.2
155 silly idealTree +-- unpipe@1.0.0
155 silly idealTree +-- utils-merge@1.0.1
155 silly idealTree +-- vary@1.1.2
155 silly idealTree +-- window-size@0.1.0
155 silly idealTree +-- wordwrap@0.0.3
155 silly idealTree +-- xmlhttprequest@1.8.0
155 silly idealTree `-- yargs@3.10.0
156 silly install generateActionsToTake
157 silly diffTrees action count 48
158 silly diffTrees add bytes@3.0.0
159 silly diffTrees add content-type@1.0.4
160 silly diffTrees add depd@1.1.1
161 silly diffTrees add destroy@1.0.4
162 silly diffTrees add ee-first@1.1.1
163 silly diffTrees add encodeurl@1.0.1
164 silly diffTrees add escape-html@1.0.3
165 silly diffTrees add etag@1.8.1
166 silly diffTrees add forwarded@0.1.2
167 silly diffTrees add fresh@0.5.2
168 silly diffTrees add setprototypeof@1.0.3
169 silly diffTrees add iconv-lite@0.4.19
170 silly diffTrees add inherits@2.0.3
171 silly diffTrees add ipaddr.js@1.5.2
172 silly diffTrees add media-typer@0.3.0
173 silly diffTrees add mime@1.4.1
174 silly diffTrees add mime-db@1.30.0
175 silly diffTrees add mime-types@2.1.17
176 silly diffTrees add ms@2.0.0
177 silly diffTrees add debug@2.6.9
178 silly diffTrees add negotiator@0.6.1
179 silly diffTrees add on-finished@2.3.0
180 silly diffTrees add parseurl@1.3.2
181 silly diffTrees add qs@6.5.1
182 silly diffTrees add range-parser@1.2.0
183 silly diffTrees add statuses@1.3.1
184 silly diffTrees add http-errors@1.6.2
185 silly diffTrees add send@0.16.1
186 silly diffTrees add type-is@1.6.15
187 silly diffTrees add unpipe@1.0.0
188 silly diffTrees add raw-body@2.3.2
189 silly diffTrees add accepts@1.3.4
190 silly diffTrees add array-flatten@1.1.1
191 silly diffTrees add body-parser@1.18.2
192 silly diffTrees add content-disposition@0.5.2
193 silly diffTrees add cookie@0.3.1
194 silly diffTrees add cookie-signature@1.0.6
195 silly diffTrees add finalhandler@1.1.0
196 silly diffTrees add merge-descriptors@1.0.1
197 silly diffTrees add methods@1.1.2
198 silly diffTrees add path-to-regexp@0.1.7
199 silly diffTrees add proxy-addr@2.0.2
200 silly diffTrees add safe-buffer@5.1.1
201 silly diffTrees add serve-static@1.13.1
202 silly diffTrees add setprototypeof@1.1.0
203 silly diffTrees add utils-merge@1.0.1
204 silly diffTrees add vary@1.1.2
205 silly diffTrees add express@4.16.2
206 silly decomposeActions action count 384
207 silly decomposeActions fetch bytes@3.0.0
208 silly decomposeActions extract bytes@3.0.0
209 silly decomposeActions preinstall bytes@3.0.0
210 silly decomposeActions build bytes@3.0.0
211 silly decomposeActions install bytes@3.0.0
212 silly decomposeActions postinstall bytes@3.0.0
213 silly decomposeActions finalize bytes@3.0.0
214 silly decomposeActions refresh-package-json bytes@3.0.0
215 silly decomposeActions fetch content-type@1.0.4
216 silly decomposeActions extract content-type@1.0.4
217 silly decomposeActions preinstall content-type@1.0.4
218 silly decomposeActions build content-type@1.0.4
219 silly decomposeActions install content-type@1.0.4
220 silly decomposeActions postinstall content-type@1.0.4
221 silly decomposeActions finalize content-type@1.0.4
222 silly decomposeActions refresh-package-json content-type@1.0.4
223 silly decomposeActions fetch depd@1.1.1
224 silly decomposeActions extract depd@1.1.1
225 silly decomposeActions preinstall depd@1.1.1
226 silly decomposeActions build depd@1.1.1
227 silly decomposeActions install depd@1.1.1
228 silly decomposeActions postinstall depd@1.1.1
229 silly decomposeActions finalize depd@1.1.1
230 silly decomposeActions refresh-package-json depd@1.1.1
231 silly decomposeActions fetch destroy@1.0.4
232 silly decomposeActions extract destroy@1.0.4
233 silly decomposeActions preinstall destroy@1.0.4
234 silly decomposeActions build destroy@1.0.4
235 silly decomposeActions install destroy@1.0.4
236 silly decomposeActions postinstall destroy@1.0.4
237 silly decomposeActions finalize destroy@1.0.4
238 silly decomposeActions refresh-package-json destroy@1.0.4
239 silly decomposeActions fetch ee-first@1.1.1
240 silly decomposeActions extract ee-first@1.1.1
241 silly decomposeActions preinstall ee-first@1.1.1
242 silly decomposeActions build ee-first@1.1.1
243 silly decomposeActions install ee-first@1.1.1
244 silly decomposeActions postinstall ee-first@1.1.1
245 silly decomposeActions finalize ee-first@1.1.1
246 silly decomposeActions refresh-package-json ee-first@1.1.1
247 silly decomposeActions fetch encodeurl@1.0.1
248 silly decomposeActions extract encodeurl@1.0.1
249 silly decomposeActions preinstall encodeurl@1.0.1
250 silly decomposeActions build encodeurl@1.0.1
251 silly decomposeActions install encodeurl@1.0.1
252 silly decomposeActions postinstall encodeurl@1.0.1
253 silly decomposeActions finalize encodeurl@1.0.1
254 silly decomposeActions refresh-package-json encodeurl@1.0.1
255 silly decomposeActions fetch escape-html@1.0.3
256 silly decomposeActions extract escape-html@1.0.3
257 silly decomposeActions preinstall escape-html@1.0.3
258 silly decomposeActions build escape-html@1.0.3
259 silly decomposeActions install escape-html@1.0.3
260 silly decomposeActions postinstall escape-html@1.0.3
261 silly decomposeActions finalize escape-html@1.0.3
262 silly decomposeActions refresh-package-json escape-html@1.0.3
263 silly decomposeActions fetch etag@1.8.1
264 silly decomposeActions extract etag@1.8.1
265 silly decomposeActions preinstall etag@1.8.1
266 silly decomposeActions build etag@1.8.1
267 silly decomposeActions install etag@1.8.1
268 silly decomposeActions postinstall etag@1.8.1
269 silly decomposeActions finalize etag@1.8.1
270 silly decomposeActions refresh-package-json etag@1.8.1
271 silly decomposeActions fetch forwarded@0.1.2
272 silly decomposeActions extract forwarded@0.1.2
273 silly decomposeActions preinstall forwarded@0.1.2
274 silly decomposeActions build forwarded@0.1.2
275 silly decomposeActions install forwarded@0.1.2
276 silly decomposeActions postinstall forwarded@0.1.2
277 silly decomposeActions finalize forwarded@0.1.2
278 silly decomposeActions refresh-package-json forwarded@0.1.2
279 silly decomposeActions fetch fresh@0.5.2
280 silly decomposeActions extract fresh@0.5.2
281 silly decomposeActions preinstall fresh@0.5.2
282 silly decomposeActions build fresh@0.5.2
283 silly decomposeActions install fresh@0.5.2
284 silly decomposeActions postinstall fresh@0.5.2
285 silly decomposeActions finalize fresh@0.5.2
286 silly decomposeActions refresh-package-json fresh@0.5.2
287 silly decomposeActions fetch setprototypeof@1.0.3
288 silly decomposeActions extract setprototypeof@1.0.3
289 silly decomposeActions preinstall setprototypeof@1.0.3
290 silly decomposeActions build setprototypeof@1.0.3
291 silly decomposeActions install setprototypeof@1.0.3
292 silly decomposeActions postinstall setprototypeof@1.0.3
293 silly decomposeActions finalize setprototypeof@1.0.3
294 silly decomposeActions refresh-package-json setprototypeof@1.0.3
295 silly decomposeActions fetch iconv-lite@0.4.19
296 silly decomposeActions extract iconv-lite@0.4.19
297 silly decomposeActions preinstall iconv-lite@0.4.19
298 silly decomposeActions build iconv-lite@0.4.19
299 silly decomposeActions install iconv-lite@0.4.19
300 silly decomposeActions postinstall iconv-lite@0.4.19
301 silly decomposeActions finalize iconv-lite@0.4.19
302 silly decomposeActions refresh-package-json iconv-lite@0.4.19
303 silly decomposeActions fetch inherits@2.0.3
304 silly decomposeActions extract inherits@2.0.3
305 silly decomposeActions preinstall inherits@2.0.3
306 silly decomposeActions build inherits@2.0.3
307 silly decomposeActions install inherits@2.0.3
308 silly decomposeActions postinstall inherits@2.0.3
309 silly decomposeActions finalize inherits@2.0.3
310 silly decomposeActions refresh-package-json inherits@2.0.3
311 silly decomposeActions fetch ipaddr.js@1.5.2
312 silly decomposeActions extract ipaddr.js@1.5.2
313 silly decomposeActions preinstall ipaddr.js@1.5.2
314 silly decomposeActions build ipaddr.js@1.5.2
315 silly decomposeActions install ipaddr.js@1.5.2
316 silly decomposeActions postinstall ipaddr.js@1.5.2
317 silly decomposeActions finalize ipaddr.js@1.5.2
318 silly decomposeActions refresh-package-json ipaddr.js@1.5.2
319 silly decomposeActions fetch media-typer@0.3.0
320 silly decomposeActions extract media-typer@0.3.0
321 silly decomposeActions preinstall media-typer@0.3.0
322 silly decomposeActions build media-typer@0.3.0
323 silly decomposeActions install media-typer@0.3.0
324 silly decomposeActions postinstall media-typer@0.3.0
325 silly decomposeActions finalize media-typer@0.3.0
326 silly decomposeActions refresh-package-json media-typer@0.3.0
327 silly decomposeActions fetch mime@1.4.1
328 silly decomposeActions extract mime@1.4.1
329 silly decomposeActions preinstall mime@1.4.1
330 silly decomposeActions build mime@1.4.1
331 silly decomposeActions install mime@1.4.1
332 silly decomposeActions postinstall mime@1.4.1
333 silly decomposeActions finalize mime@1.4.1
334 silly decomposeActions refresh-package-json mime@1.4.1
335 silly decomposeActions fetch mime-db@1.30.0
336 silly decomposeActions extract mime-db@1.30.0
337 silly decomposeActions preinstall mime-db@1.30.0
338 silly decomposeActions build mime-db@1.30.0
339 silly decomposeActions install mime-db@1.30.0
340 silly decomposeActions postinstall mime-db@1.30.0
341 silly decomposeActions finalize mime-db@1.30.0
342 silly decomposeActions refresh-package-json mime-db@1.30.0
343 silly decomposeActions fetch mime-types@2.1.17
344 silly decomposeActions extract mime-types@2.1.17
345 silly decomposeActions preinstall mime-types@2.1.17
346 silly decomposeActions build mime-types@2.1.17
347 silly decomposeActions install mime-types@2.1.17
348 silly decomposeActions postinstall mime-types@2.1.17
349 silly decomposeActions finalize mime-types@2.1.17
350 silly decomposeActions refresh-package-json mime-types@2.1.17
351 silly decomposeActions fetch ms@2.0.0
352 silly decomposeActions extract ms@2.0.0
353 silly decomposeActions preinstall ms@2.0.0
354 silly decomposeActions build ms@2.0.0
355 silly decomposeActions install ms@2.0.0
356 silly decomposeActions postinstall ms@2.0.0
357 silly decomposeActions finalize ms@2.0.0
358 silly decomposeActions refresh-package-json ms@2.0.0
359 silly decomposeActions fetch debug@2.6.9
360 silly decomposeActions extract debug@2.6.9
361 silly decomposeActions preinstall debug@2.6.9
362 silly decomposeActions build debug@2.6.9
363 silly decomposeActions install debug@2.6.9
364 silly decomposeActions postinstall debug@2.6.9
365 silly decomposeActions finalize debug@2.6.9
366 silly decomposeActions refresh-package-json debug@2.6.9
367 silly decomposeActions fetch negotiator@0.6.1
368 silly decomposeActions extract negotiator@0.6.1
369 silly decomposeActions preinstall negotiator@0.6.1
370 silly decomposeActions build negotiator@0.6.1
371 silly decomposeActions install negotiator@0.6.1
372 silly decomposeActions postinstall negotiator@0.6.1
373 silly decomposeActions finalize negotiator@0.6.1
374 silly decomposeActions refresh-package-json negotiator@0.6.1
375 silly decomposeActions fetch on-finished@2.3.0
376 silly decomposeActions extract on-finished@2.3.0
377 silly decomposeActions preinstall on-finished@2.3.0
378 silly decomposeActions build on-finished@2.3.0
379 silly decomposeActions install on-finished@2.3.0
380 silly decomposeActions postinstall on-finished@2.3.0
381 silly decomposeActions finalize on-finished@2.3.0
382 silly decomposeActions refresh-package-json on-finished@2.3.0
383 silly decomposeActions fetch parseurl@1.3.2
384 silly decomposeActions extract parseurl@1.3.2
385 silly decomposeActions preinstall parseurl@1.3.2
386 silly decomposeActions build parseurl@1.3.2
387 silly decomposeActions install parseurl@1.3.2
388 silly decomposeActions postinstall parseurl@1.3.2
389 silly decomposeActions finalize parseurl@1.3.2
390 silly decomposeActions refresh-package-json parseurl@1.3.2
391 silly decomposeActions fetch qs@6.5.1
392 silly decomposeActions extract qs@6.5.1
393 silly decomposeActions preinstall qs@6.5.1
394 silly decomposeActions build qs@6.5.1
395 silly decomposeActions install qs@6.5.1
396 silly decomposeActions postinstall qs@6.5.1
397 silly decomposeActions finalize qs@6.5.1
398 silly decomposeActions refresh-package-json qs@6.5.1
399 silly decomposeActions fetch range-parser@1.2.0
400 silly decomposeActions extract range-parser@1.2.0
401 silly decomposeActions preinstall range-parser@1.2.0
402 silly decomposeActions build range-parser@1.2.0
403 silly decomposeActions install range-parser@1.2.0
404 silly decomposeActions postinstall range-parser@1.2.0
405 silly decomposeActions finalize range-parser@1.2.0
406 silly decomposeActions refresh-package-json range-parser@1.2.0
407 silly decomposeActions fetch statuses@1.3.1
408 silly decomposeActions extract statuses@1.3.1
409 silly decomposeActions preinstall statuses@1.3.1
410 silly decomposeActions build statuses@1.3.1
411 silly decomposeActions install statuses@1.3.1
412 silly decomposeActions postinstall statuses@1.3.1
413 silly decomposeActions finalize statuses@1.3.1
414 silly decomposeActions refresh-package-json statuses@1.3.1
415 silly decomposeActions fetch http-errors@1.6.2
416 silly decomposeActions extract http-errors@1.6.2
417 silly decomposeActions preinstall http-errors@1.6.2
418 silly decomposeActions build http-errors@1.6.2
419 silly decomposeActions install http-errors@1.6.2
420 silly decomposeActions postinstall http-errors@1.6.2
421 silly decomposeActions finalize http-errors@1.6.2
422 silly decomposeActions refresh-package-json http-errors@1.6.2
423 silly decomposeActions fetch send@0.16.1
424 silly decomposeActions extract send@0.16.1
425 silly decomposeActions preinstall send@0.16.1
426 silly decomposeActions build send@0.16.1
427 silly decomposeActions install send@0.16.1
428 silly decomposeActions postinstall send@0.16.1
429 silly decomposeActions finalize send@0.16.1
430 silly decomposeActions refresh-package-json send@0.16.1
431 silly decomposeActions fetch type-is@1.6.15
432 silly decomposeActions extract type-is@1.6.15
433 silly decomposeActions preinstall type-is@1.6.15
434 silly decomposeActions build type-is@1.6.15
435 silly decomposeActions install type-is@1.6.15
436 silly decomposeActions postinstall type-is@1.6.15
437 silly decomposeActions finalize type-is@1.6.15
438 silly decomposeActions refresh-package-json type-is@1.6.15
439 silly decomposeActions fetch unpipe@1.0.0
440 silly decomposeActions extract unpipe@1.0.0
441 silly decomposeActions preinstall unpipe@1.0.0
442 silly decomposeActions build unpipe@1.0.0
443 silly decomposeActions install unpipe@1.0.0
444 silly decomposeActions postinstall unpipe@1.0.0
445 silly decomposeActions finalize unpipe@1.0.0
446 silly decomposeActions refresh-package-json unpipe@1.0.0
447 silly decomposeActions fetch raw-body@2.3.2
448 silly decomposeActions extract raw-body@2.3.2
449 silly decomposeActions preinstall raw-body@2.3.2
450 silly decomposeActions build raw-body@2.3.2
451 silly decomposeActions install raw-body@2.3.2
452 silly decomposeActions postinstall raw-body@2.3.2
453 silly decomposeActions finalize raw-body@2.3.2
454 silly decomposeActions refresh-package-json raw-body@2.3.2
455 silly decomposeActions fetch accepts@1.3.4
456 silly decomposeActions extract accepts@1.3.4
457 silly decomposeActions preinstall accepts@1.3.4
458 silly decomposeActions build accepts@1.3.4
459 silly decomposeActions install accepts@1.3.4
460 silly decomposeActions postinstall accepts@1.3.4
461 silly decomposeActions finalize accepts@1.3.4
462 silly decomposeActions refresh-package-json accepts@1.3.4
463 silly decomposeActions fetch array-flatten@1.1.1
464 silly decomposeActions extract array-flatten@1.1.1
465 silly decomposeActions preinstall array-flatten@1.1.1
466 silly decomposeActions build array-flatten@1.1.1
467 silly decomposeActions install array-flatten@1.1.1
468 silly decomposeActions postinstall array-flatten@1.1.1
469 silly decomposeActions finalize array-flatten@1.1.1
470 silly decomposeActions refresh-package-json array-flatten@1.1.1
471 silly decomposeActions fetch body-parser@1.18.2
472 silly decomposeActions extract body-parser@1.18.2
473 silly decomposeActions preinstall body-parser@1.18.2
474 silly decomposeActions build body-parser@1.18.2
475 silly decomposeActions install body-parser@1.18.2
476 silly decomposeActions postinstall body-parser@1.18.2
477 silly decomposeActions finalize body-parser@1.18.2
478 silly decomposeActions refresh-package-json body-parser@1.18.2
479 silly decomposeActions fetch content-disposition@0.5.2
480 silly decomposeActions extract content-disposition@0.5.2
481 silly decomposeActions preinstall content-disposition@0.5.2
482 silly decomposeActions build content-disposition@0.5.2
483 silly decomposeActions install content-disposition@0.5.2
484 silly decomposeActions postinstall content-disposition@0.5.2
485 silly decomposeActions finalize content-disposition@0.5.2
486 silly decomposeActions refresh-package-json content-disposition@0.5.2
487 silly decomposeActions fetch cookie@0.3.1
488 silly decomposeActions extract cookie@0.3.1
489 silly decomposeActions preinstall cookie@0.3.1
490 silly decomposeActions build cookie@0.3.1
491 silly decomposeActions install cookie@0.3.1
492 silly decomposeActions postinstall cookie@0.3.1
493 silly decomposeActions finalize cookie@0.3.1
494 silly decomposeActions refresh-package-json cookie@0.3.1
495 silly decomposeActions fetch cookie-signature@1.0.6
496 silly decomposeActions extract cookie-signature@1.0.6
497 silly decomposeActions preinstall cookie-signature@1.0.6
498 silly decomposeActions build cookie-signature@1.0.6
499 silly decomposeActions install cookie-signature@1.0.6
500 silly decomposeActions postinstall cookie-signature@1.0.6
501 silly decomposeActions finalize cookie-signature@1.0.6
502 silly decomposeActions refresh-package-json cookie-signature@1.0.6
503 silly decomposeActions fetch finalhandler@1.1.0
504 silly decomposeActions extract finalhandler@1.1.0
505 silly decomposeActions preinstall finalhandler@1.1.0
506 silly decomposeActions build finalhandler@1.1.0
507 silly decomposeActions install finalhandler@1.1.0
508 silly decomposeActions postinstall finalhandler@1.1.0
509 silly decomposeActions finalize finalhandler@1.1.0
510 silly decomposeActions refresh-package-json finalhandler@1.1.0
511 silly decomposeActions fetch merge-descriptors@1.0.1
512 silly decomposeActions extract merge-descriptors@1.0.1
513 silly decomposeActions preinstall merge-descriptors@1.0.1
514 silly decomposeActions build merge-descriptors@1.0.1
515 silly decomposeActions install merge-descriptors@1.0.1
516 silly decomposeActions postinstall merge-descriptors@1.0.1
517 silly decomposeActions finalize merge-descriptors@1.0.1
518 silly decomposeActions refresh-package-json merge-descriptors@1.0.1
519 silly decomposeActions fetch methods@1.1.2
520 silly decomposeActions extract methods@1.1.2
521 silly decomposeActions preinstall methods@1.1.2
522 silly decomposeActions build methods@1.1.2
523 silly decomposeActions install methods@1.1.2
524 silly decomposeActions postinstall methods@1.1.2
525 silly decomposeActions finalize methods@1.1.2
526 silly decomposeActions refresh-package-json methods@1.1.2
527 silly decomposeActions fetch path-to-regexp@0.1.7
528 silly decomposeActions extract path-to-regexp@0.1.7
529 silly decomposeActions preinstall path-to-regexp@0.1.7
530 silly decomposeActions build path-to-regexp@0.1.7
531 silly decomposeActions install path-to-regexp@0.1.7
532 silly decomposeActions postinstall path-to-regexp@0.1.7
533 silly decomposeActions finalize path-to-regexp@0.1.7
534 silly decomposeActions refresh-package-json path-to-regexp@0.1.7
535 silly decomposeActions fetch proxy-addr@2.0.2
536 silly decomposeActions extract proxy-addr@2.0.2
537 silly decomposeActions preinstall proxy-addr@2.0.2
538 silly decomposeActions build proxy-addr@2.0.2
539 silly decomposeActions install proxy-addr@2.0.2
540 silly decomposeActions postinstall proxy-addr@2.0.2
541 silly decomposeActions finalize proxy-addr@2.0.2
542 silly decomposeActions refresh-package-json proxy-addr@2.0.2
543 silly decomposeActions fetch safe-buffer@5.1.1
544 silly decomposeActions extract safe-buffer@5.1.1
545 silly decomposeActions preinstall safe-buffer@5.1.1
546 silly decomposeActions build safe-buffer@5.1.1
547 silly decomposeActions install safe-buffer@5.1.1
548 silly decomposeActions postinstall safe-buffer@5.1.1
549 silly decomposeActions finalize safe-buffer@5.1.1
550 silly decomposeActions refresh-package-json safe-buffer@5.1.1
551 silly decomposeActions fetch serve-static@1.13.1
552 silly decomposeActions extract serve-static@1.13.1
553 silly decomposeActions preinstall serve-static@1.13.1
554 silly decomposeActions build serve-static@1.13.1
555 silly decomposeActions install serve-static@1.13.1
556 silly decomposeActions postinstall serve-static@1.13.1
557 silly decomposeActions finalize serve-static@1.13.1
558 silly decomposeActions refresh-package-json serve-static@1.13.1
559 silly decomposeActions fetch setprototypeof@1.1.0
560 silly decomposeActions extract setprototypeof@1.1.0
561 silly decomposeActions preinstall setprototypeof@1.1.0
562 silly decomposeActions build setprototypeof@1.1.0
563 silly decomposeActions install setprototypeof@1.1.0
564 silly decomposeActions postinstall setprototypeof@1.1.0
565 silly decomposeActions finalize setprototypeof@1.1.0
566 silly decomposeActions refresh-package-json setprototypeof@1.1.0
567 silly decomposeActions fetch utils-merge@1.0.1
568 silly decomposeActions extract utils-merge@1.0.1
569 silly decomposeActions preinstall utils-merge@1.0.1
570 silly decomposeActions build utils-merge@1.0.1
571 silly decomposeActions install utils-merge@1.0.1
572 silly decomposeActions postinstall utils-merge@1.0.1
573 silly decomposeActions finalize utils-merge@1.0.1
574 silly decomposeActions refresh-package-json utils-merge@1.0.1
575 silly decomposeActions fetch vary@1.1.2
576 silly decomposeActions extract vary@1.1.2
577 silly decomposeActions preinstall vary@1.1.2
578 silly decomposeActions build vary@1.1.2
579 silly decomposeActions install vary@1.1.2
580 silly decomposeActions postinstall vary@1.1.2
581 silly decomposeActions finalize vary@1.1.2
582 silly decomposeActions refresh-package-json vary@1.1.2
583 silly decomposeActions fetch express@4.16.2
584 silly decomposeActions extract express@4.16.2
585 silly decomposeActions preinstall express@4.16.2
586 silly decomposeActions build express@4.16.2
587 silly decomposeActions install express@4.16.2
588 silly decomposeActions postinstall express@4.16.2
589 silly decomposeActions finalize express@4.16.2
590 silly decomposeActions refresh-package-json express@4.16.2
591 silly install executeActions
592 silly doSerial global-install 384
593 verbose correctMkdir C:\Users\Dave\Google Drive\3 Coding\playground\npm-cache\_locks correctMkdir not in flight; initializing
594 verbose lock using C:\Users\Dave\Google Drive\3 Coding\playground\npm-cache\_locks\staging-3506f1e8164b5fbd.lock for C:\Users\Dave\Google Drive\3 Coding\playground\node_modules\.staging
595 silly doParallel extract 384
596 silly extract bytes@3.0.0
597 silly extract content-type@1.0.4
598 silly extract depd@1.1.1
599 silly extract destroy@1.0.4
600 silly extract ee-first@1.1.1
601 silly extract encodeurl@1.0.1
602 silly extract escape-html@1.0.3
603 silly extract etag@1.8.1
604 silly extract forwarded@0.1.2
605 silly extract fresh@0.5.2
606 silly extract setprototypeof@1.0.3
607 silly extract iconv-lite@0.4.19
608 silly extract inherits@2.0.3
609 silly extract ipaddr.js@1.5.2
610 silly extract media-typer@0.3.0
611 silly extract mime@1.4.1
612 silly extract mime-db@1.30.0
613 silly extract mime-types@2.1.17
614 silly extract ms@2.0.0
615 silly extract debug@2.6.9
616 silly extract negotiator@0.6.1
617 silly extract on-finished@2.3.0
618 silly extract parseurl@1.3.2
619 silly extract qs@6.5.1
620 silly extract range-parser@1.2.0
621 silly extract statuses@1.3.1
622 silly extract http-errors@1.6.2
623 silly extract send@0.16.1
624 silly extract type-is@1.6.15
625 silly extract unpipe@1.0.0
626 silly extract raw-body@2.3.2
627 silly extract accepts@1.3.4
628 silly extract array-flatten@1.1.1
629 silly extract body-parser@1.18.2
630 silly extract content-disposition@0.5.2
631 silly extract cookie@0.3.1
632 silly extract cookie-signature@1.0.6
633 silly extract finalhandler@1.1.0
634 silly extract merge-descriptors@1.0.1
635 silly extract methods@1.1.2
636 silly extract path-to-regexp@0.1.7
637 silly extract proxy-addr@2.0.2
638 silly extract safe-buffer@5.1.1
639 silly extract serve-static@1.13.1
640 silly extract setprototypeof@1.1.0
641 silly extract utils-merge@1.0.1
642 silly extract vary@1.1.2
643 silly extract express@4.16.2
644 silly doReverseSerial unbuild 384
645 silly doSerial remove 384
646 silly doSerial move 384
647 silly doSerial finalize 384
648 silly finalize C:\Users\Dave\Google Drive\3 Coding\playground\node_modules\bytes
649 silly finalize C:\Users\Dave\Google Drive\3 Coding\playground\node_modules\content-type
650 silly finalize C:\Users\Dave\Google Drive\3 Coding\playground\node_modules\depd
651 silly finalize C:\Users\Dave\Google Drive\3 Coding\playground\node_modules\destroy
652 silly finalize C:\Users\Dave\Google Drive\3 Coding\playground\node_modules\ee-first
653 silly finalize C:\Users\Dave\Google Drive\3 Coding\playground\node_modules\encodeurl
654 silly finalize C:\Users\Dave\Google Drive\3 Coding\playground\node_modules\escape-html
655 silly finalize C:\Users\Dave\Google Drive\3 Coding\playground\node_modules\etag
656 silly finalize C:\Users\Dave\Google Drive\3 Coding\playground\node_modules\forwarded
657 silly finalize C:\Users\Dave\Google Drive\3 Coding\playground\node_modules\fresh
658 silly finalize C:\Users\Dave\Google Drive\3 Coding\playground\node_modules\http-errors\node_modules\setprototypeof
659 silly finalize C:\Users\Dave\Google Drive\3 Coding\playground\node_modules\iconv-lite
660 silly finalize C:\Users\Dave\Google Drive\3 Coding\playground\node_modules\inherits
661 silly finalize C:\Users\Dave\Google Drive\3 Coding\playground\node_modules\ipaddr.js
662 silly finalize C:\Users\Dave\Google Drive\3 Coding\playground\node_modules\media-typer
663 silly finalize C:\Users\Dave\Google Drive\3 Coding\playground\node_modules\mime
664 silly finalize C:\Users\Dave\Google Drive\3 Coding\playground\node_modules\mime-db
665 silly finalize C:\Users\Dave\Google Drive\3 Coding\playground\node_modules\mime-types
666 silly finalize C:\Users\Dave\Google Drive\3 Coding\playground\node_modules\ms
667 silly finalize C:\Users\Dave\Google Drive\3 Coding\playground\node_modules\debug
668 silly finalize C:\Users\Dave\Google Drive\3 Coding\playground\node_modules\negotiator
669 silly finalize C:\Users\Dave\Google Drive\3 Coding\playground\node_modules\on-finished
670 silly finalize C:\Users\Dave\Google Drive\3 Coding\playground\node_modules\parseurl
671 silly finalize C:\Users\Dave\Google Drive\3 Coding\playground\node_modules\qs
672 silly finalize C:\Users\Dave\Google Drive\3 Coding\playground\node_modules\range-parser
673 silly finalize C:\Users\Dave\Google Drive\3 Coding\playground\node_modules\statuses
674 silly finalize C:\Users\Dave\Google Drive\3 Coding\playground\node_modules\http-errors
675 silly finalize C:\Users\Dave\Google Drive\3 Coding\playground\node_modules\send
676 silly finalize C:\Users\Dave\Google Drive\3 Coding\playground\node_modules\type-is
677 silly finalize C:\Users\Dave\Google Drive\3 Coding\playground\node_modules\unpipe
678 silly finalize C:\Users\Dave\Google Drive\3 Coding\playground\node_modules\raw-body
679 silly finalize C:\Users\Dave\Google Drive\3 Coding\playground\node_modules\accepts
680 silly finalize C:\Users\Dave\Google Drive\3 Coding\playground\node_modules\array-flatten
681 silly finalize C:\Users\Dave\Google Drive\3 Coding\playground\node_modules\body-parser
682 silly finalize C:\Users\Dave\Google Drive\3 Coding\playground\node_modules\content-disposition
683 silly finalize C:\Users\Dave\Google Drive\3 Coding\playground\node_modules\cookie
684 silly finalize C:\Users\Dave\Google Drive\3 Coding\playground\node_modules\cookie-signature
685 silly finalize C:\Users\Dave\Google Drive\3 Coding\playground\node_modules\finalhandler
686 silly finalize C:\Users\Dave\Google Drive\3 Coding\playground\node_modules\merge-descriptors
687 silly finalize C:\Users\Dave\Google Drive\3 Coding\playground\node_modules\methods
688 silly finalize C:\Users\Dave\Google Drive\3 Coding\playground\node_modules\path-to-regexp
689 silly finalize C:\Users\Dave\Google Drive\3 Coding\playground\node_modules\proxy-addr
690 silly finalize C:\Users\Dave\Google Drive\3 Coding\playground\node_modules\safe-buffer
691 silly finalize C:\Users\Dave\Google Drive\3 Coding\playground\node_modules\serve-static
692 silly finalize C:\Users\Dave\Google Drive\3 Coding\playground\node_modules\setprototypeof
693 silly finalize C:\Users\Dave\Google Drive\3 Coding\playground\node_modules\utils-merge
694 silly finalize C:\Users\Dave\Google Drive\3 Coding\playground\node_modules\vary
695 silly finalize C:\Users\Dave\Google Drive\3 Coding\playground\node_modules\express
696 silly doParallel refresh-package-json 384
697 silly refresh-package-json C:\Users\Dave\Google Drive\3 Coding\playground\node_modules\bytes
698 silly refresh-package-json C:\Users\Dave\Google Drive\3 Coding\playground\node_modules\content-type
699 silly refresh-package-json C:\Users\Dave\Google Drive\3 Coding\playground\node_modules\depd
700 silly refresh-package-json C:\Users\Dave\Google Drive\3 Coding\playground\node_modules\destroy
701 silly refresh-package-json C:\Users\Dave\Google Drive\3 Coding\playground\node_modules\ee-first
702 silly refresh-package-json C:\Users\Dave\Google Drive\3 Coding\playground\node_modules\encodeurl
703 silly refresh-package-json C:\Users\Dave\Google Drive\3 Coding\playground\node_modules\escape-html
704 silly refresh-package-json C:\Users\Dave\Google Drive\3 Coding\playground\node_modules\etag
705 silly refresh-package-json C:\Users\Dave\Google Drive\3 Coding\playground\node_modules\forwarded
706 silly refresh-package-json C:\Users\Dave\Google Drive\3 Coding\playground\node_modules\fresh
707 silly refresh-package-json C:\Users\Dave\Google Drive\3 Coding\playground\node_modules\http-errors\node_modules\setprototypeof
708 silly refresh-package-json C:\Users\Dave\Google Drive\3 Coding\playground\node_modules\iconv-lite
709 silly refresh-package-json C:\Users\Dave\Google Drive\3 Coding\playground\node_modules\inherits
710 silly refresh-package-json C:\Users\Dave\Google Drive\3 Coding\playground\node_modules\ipaddr.js
711 silly refresh-package-json C:\Users\Dave\Google Drive\3 Coding\playground\node_modules\media-typer
712 silly refresh-package-json C:\Users\Dave\Google Drive\3 Coding\playground\node_modules\mime
713 silly refresh-package-json C:\Users\Dave\Google Drive\3 Coding\playground\node_modules\mime-db
714 silly refresh-package-json C:\Users\Dave\Google Drive\3 Coding\playground\node_modules\mime-types
715 silly refresh-package-json C:\Users\Dave\Google Drive\3 Coding\playground\node_modules\ms
716 silly refresh-package-json C:\Users\Dave\Google Drive\3 Coding\playground\node_modules\debug
717 silly refresh-package-json C:\Users\Dave\Google Drive\3 Coding\playground\node_modules\negotiator
718 silly refresh-package-json C:\Users\Dave\Google Drive\3 Coding\playground\node_modules\on-finished
719 silly refresh-package-json C:\Users\Dave\Google Drive\3 Coding\playground\node_modules\parseurl
720 silly refresh-package-json C:\Users\Dave\Google Drive\3 Coding\playground\node_modules\qs
721 silly refresh-package-json C:\Users\Dave\Google Drive\3 Coding\playground\node_modules\range-parser
722 silly refresh-package-json C:\Users\Dave\Google Drive\3 Coding\playground\node_modules\statuses
723 silly refresh-package-json C:\Users\Dave\Google Drive\3 Coding\playground\node_modules\http-errors
724 silly refresh-package-json C:\Users\Dave\Google Drive\3 Coding\playground\node_modules\send
725 silly refresh-package-json C:\Users\Dave\Google Drive\3 Coding\playground\node_modules\type-is
726 silly refresh-package-json C:\Users\Dave\Google Drive\3 Coding\playground\node_modules\unpipe
727 silly refresh-package-json C:\Users\Dave\Google Drive\3 Coding\playground\node_modules\raw-body
728 silly refresh-package-json C:\Users\Dave\Google Drive\3 Coding\playground\node_modules\accepts
729 silly refresh-package-json C:\Users\Dave\Google Drive\3 Coding\playground\node_modules\array-flatten
730 silly refresh-package-json C:\Users\Dave\Google Drive\3 Coding\playground\node_modules\body-parser
731 silly refresh-package-json C:\Users\Dave\Google Drive\3 Coding\playground\node_modules\content-disposition
732 silly refresh-package-json C:\Users\Dave\Google Drive\3 Coding\playground\node_modules\cookie
733 silly refresh-package-json C:\Users\Dave\Google Drive\3 Coding\playground\node_modules\cookie-signature
734 silly refresh-package-json C:\Users\Dave\Google Drive\3 Coding\playground\node_modules\finalhandler
735 silly refresh-package-json C:\Users\Dave\Google Drive\3 Coding\playground\node_modules\merge-descriptors
736 silly refresh-package-json C:\Users\Dave\Google Drive\3 Coding\playground\node_modules\methods
737 silly refresh-package-json C:\Users\Dave\Google Drive\3 Coding\playground\node_modules\path-to-regexp
738 silly refresh-package-json C:\Users\Dave\Google Drive\3 Coding\playground\node_modules\proxy-addr
739 silly refresh-package-json C:\Users\Dave\Google Drive\3 Coding\playground\node_modules\safe-buffer
740 silly refresh-package-json C:\Users\Dave\Google Drive\3 Coding\playground\node_modules\serve-static
741 silly refresh-package-json C:\Users\Dave\Google Drive\3 Coding\playground\node_modules\setprototypeof
742 silly refresh-package-json C:\Users\Dave\Google Drive\3 Coding\playground\node_modules\utils-merge
743 silly refresh-package-json C:\Users\Dave\Google Drive\3 Coding\playground\node_modules\vary
744 silly refresh-package-json C:\Users\Dave\Google Drive\3 Coding\playground\node_modules\express
745 verbose unlock done using C:\Users\Dave\Google Drive\3 Coding\playground\npm-cache\_locks\staging-3506f1e8164b5fbd.lock for C:\Users\Dave\Google Drive\3 Coding\playground\node_modules\.staging
746 warn enoent ENOENT: no such file or directory, open 'C:\Users\Dave\Google Drive\3 Coding\playground\package.json'
747 verbose enoent This is related to npm not being able to find a file.
748 warn playground No description
749 warn playground No repository field.
750 warn playground No README data
751 warn playground No license field.
752 verbose stack Error: EPERM: operation not permitted, rename 'C:\Users\Dave\Google Drive\3 Coding\playground\node_modules\unpipe\package.json.2130533950' -> 'C:\Users\Dave\Google Drive\3 Coding\playground\node_modules\unpipe\package.json'
753 verbose cwd C:\Users\Dave\Google Drive\3 Coding\playground
754 verbose Windows_NT 10.0.16299
755 verbose argv "C:\\Program Files\\nodejs\\node.exe" "C:\\Program Files\\nodejs\\node_modules\\npm\\bin\\npm-cli.js" "install" "express" "--save"
756 verbose node v8.2.1
757 verbose npm  v5.3.0
758 error path C:\Users\Dave\Google Drive\3 Coding\playground\node_modules\unpipe\package.json.2130533950
759 error code EPERM
760 error errno -4048
761 error syscall rename
762 error Error: EPERM: operation not permitted, rename 'C:\Users\Dave\Google Drive\3 Coding\playground\node_modules\unpipe\package.json.2130533950' -> 'C:\Users\Dave\Google Drive\3 Coding\playground\node_modules\unpipe\package.json'
762 error  { Error: EPERM: operation not permitted, rename 'C:\Users\Dave\Google Drive\3 Coding\playground\node_modules\unpipe\package.json.2130533950' -> 'C:\Users\Dave\Google Drive\3 Coding\playground\node_modules\unpipe\package.json'
762 error   cause:
762 error    { Error: EPERM: operation not permitted, rename 'C:\Users\Dave\Google Drive\3 Coding\playground\node_modules\unpipe\package.json.2130533950' -> 'C:\Users\Dave\Google Drive\3 Coding\playground\node_modules\unpipe\package.json'
762 error      errno: -4048,
762 error      code: 'EPERM',
762 error      syscall: 'rename',
762 error      path: 'C:\\Users\\Dave\\Google Drive\\3 Coding\\playground\\node_modules\\unpipe\\package.json.2130533950',
762 error      dest: 'C:\\Users\\Dave\\Google Drive\\3 Coding\\playground\\node_modules\\unpipe\\package.json' },
762 error   stack: 'Error: EPERM: operation not permitted, rename \'C:\\Users\\Dave\\Google Drive\\3 Coding\\playground\\node_modules\\unpipe\\package.json.2130533950\' -> \'C:\\Users\\Dave\\Google Drive\\3 Coding\\playground\\node_modules\\unpipe\\package.json\'',
762 error   errno: -4048,
762 error   code: 'EPERM',
762 error   syscall: 'rename',
762 error   path: 'C:\\Users\\Dave\\Google Drive\\3 Coding\\playground\\node_modules\\unpipe\\package.json.2130533950',
762 error   dest: 'C:\\Users\\Dave\\Google Drive\\3 Coding\\playground\\node_modules\\unpipe\\package.json' }
763 error Please try running this command again as root/Administrator.
764 verbose exit [ -4048, true ]
